<?xml version="1.0" encoding="UTF-8"?>
<!-- Generated by org.testng.reporters.JUnitReportReporter -->
<testsuite hostname="LAPTOP-LSUFQOCB" failures="0" tests="6" name="api.test.DDTests" time="9.679" errors="0" timestamp="2024-03-31T14:41:04 IST" skipped="0">
  <testcase classname="api.test.DDTests" name="testPostUser" time="1.330"/>
  <testcase classname="api.test.DDTests" name="testPostUser" time="3.237"/>
  <testcase classname="api.test.DDTests" name="testPostUser" time="1.339"/>
  <testcase classname="api.test.DDTests" name="testDeleteUserByName" time="1.293"/>
  <testcase classname="api.test.DDTests" name="testDeleteUserByName" time="1.252"/>
  <testcase classname="api.test.DDTests" name="testDeleteUserByName" time="1.228"/>
</testsuite> <!-- api.test.DDTests -->
