<?xml version="1.0" encoding="UTF-8"?>
<!-- Generated by org.testng.reporters.JUnitReportReporter -->
<testsuite hostname="LAPTOP-LSUFQOCB" failures="0" tests="4" name="api.test.UserTests" time="8.795" errors="0" timestamp="2024-03-31T15:40:08 IST" skipped="0">
  <testcase classname="api.test.UserTests" name="testPostUser" time="3.601"/>
  <testcase classname="api.test.UserTests" name="testGetUserByName" time="1.350"/>
  <testcase classname="api.test.UserTests" name="testUpdateUserByName" time="2.580"/>
  <testcase classname="api.test.UserTests" name="testDeleteUserByName" time="1.264"/>
</testsuite> <!-- api.test.UserTests -->
