<?xml version="1.0" encoding="UTF-8"?>
<!-- Generated by org.testng.reporters.JUnitReportReporter -->
<testsuite hostname="LAPTOP-LSUFQOCB" failures="0" tests="6" name="api.test.DDTests" time="10.211" errors="0" timestamp="2024-04-01T17:21:12 IST" skipped="0">
  <testcase classname="api.test.DDTests" name="testPostUser" time="1.103"/>
  <testcase classname="api.test.DDTests" name="testPostUser" time="1.173"/>
  <testcase classname="api.test.DDTests" name="testPostUser" time="4.375"/>
  <testcase classname="api.test.DDTests" name="testDeleteUserByName" time="1.162"/>
  <testcase classname="api.test.DDTests" name="testDeleteUserByName" time="1.141"/>
  <testcase classname="api.test.DDTests" name="testDeleteUserByName" time="1.257"/>
</testsuite> <!-- api.test.DDTests -->
