<?xml version="1.0" encoding="UTF-8"?>
<!-- Generated by org.testng.reporters.JUnitReportReporter -->
<testsuite hostname="LAPTOP-LSUFQOCB" failures="0" tests="4" name="api.test.UserTests" time="5.931" errors="0" timestamp="2024-04-01T17:21:12 IST" skipped="0">
  <testcase classname="api.test.UserTests" name="testPostUser" time="1.283"/>
  <testcase classname="api.test.UserTests" name="testGetUserByName" time="1.126"/>
  <testcase classname="api.test.UserTests" name="testUpdateUserByName" time="2.352"/>
  <testcase classname="api.test.UserTests" name="testDeleteUserByName" time="1.170"/>
</testsuite> <!-- api.test.UserTests -->
